SF:lib/application/environment/environment.dart
DA:4,3
DA:5,3
DA:6,3
DA:7,3
DA:23,0
DA:25,0
DA:28,2
DA:29,2
DA:30,2
DA:31,2
DA:34,0
DA:35,0
DA:36,0
DA:39,0
DA:40,0
DA:41,0
DA:42,0
LF:17
LH:8
end_of_record
SF:lib/tools/api/api.dart
DA:16,3
DA:17,6
DA:33,0
DA:34,0
DA:35,0
DA:37,0
DA:40,0
DA:48,0
DA:49,0
DA:52,0
DA:53,0
DA:54,0
DA:58,0
DA:61,0
DA:62,0
DA:63,0
DA:64,0
DA:66,0
DA:69,0
DA:70,0
DA:74,0
DA:77,0
DA:78,0
DA:79,0
DA:80,0
DA:81,0
DA:82,0
DA:85,0
DA:86,0
DA:88,0
DA:89,0
DA:92,0
DA:93,0
DA:96,0
DA:97,0
DA:98,0
DA:99,0
DA:100,0
DA:101,0
DA:105,0
DA:106,0
DA:109,0
DA:110,0
DA:111,0
DA:112,0
DA:118,0
DA:119,0
DA:120,0
DA:122,0
DA:124,0
DA:126,0
DA:127,0
DA:128,0
DA:129,0
DA:130,0
DA:132,0
DA:133,0
DA:135,0
DA:140,0
DA:141,0
DA:142,0
DA:143,0
DA:144,0
DA:145,0
DA:147,0
DA:151,0
DA:152,0
DA:157,0
DA:158,0
DA:161,0
DA:165,0
DA:167,0
DA:168,0
DA:169,0
DA:170,0
DA:172,0
DA:173,0
DA:175,0
DA:178,0
DA:179,0
DA:180,0
DA:186,0
DA:187,0
DA:188,0
DA:190,0
DA:192,0
DA:195,0
DA:196,0
DA:198,0
DA:199,0
DA:200,0
DA:204,0
DA:206,0
DA:207,0
DA:209,0
DA:210,0
DA:211,0
DA:212,0
DA:214,0
DA:218,0
DA:219,0
DA:220,0
LF:102
LH:2
end_of_record
SF:lib/tools/api/result.dart
DA:4,3
DA:5,6
DA:17,0
DA:19,2
DA:20,2
DA:23,1
DA:24,1
DA:27,0
DA:28,0
DA:33,2
LF:10
LH:7
end_of_record
SF:lib/application/app_cache.dart
DA:13,1
DA:14,0
DA:15,0
DA:16,2
DA:17,1
DA:31,0
DA:32,0
DA:33,0
DA:34,0
DA:35,0
DA:37,0
DA:38,0
DA:39,0
DA:41,0
DA:42,0
DA:43,0
DA:46,0
DA:47,0
DA:48,0
DA:49,0
DA:52,0
DA:53,0
DA:54,0
DA:55,0
DA:56,0
DA:57,0
DA:58,0
DA:59,0
DA:63,0
DA:64,0
DA:65,0
DA:66,0
DA:67,0
DA:68,0
DA:70,0
DA:71,0
DA:72,0
DA:73,0
LF:38
LH:3
end_of_record
SF:lib/common/model/user.dart
DA:12,0
DA:13,0
DA:14,0
DA:15,0
DA:16,0
DA:17,0
DA:18,0
DA:19,0
DA:20,0
DA:23,0
DA:24,0
DA:25,0
DA:26,0
DA:27,0
DA:28,0
DA:29,0
DA:30,0
DA:31,0
DA:32,0
LF:19
LH:0
end_of_record
SF:lib/screens/login/model/token_model.dart
DA:7,0
DA:9,0
DA:10,0
DA:11,0
DA:12,0
DA:15,0
DA:16,0
DA:17,0
DA:18,0
DA:20,0
DA:21,0
LF:11
LH:0
end_of_record
SF:lib/tools/storage/storage.dart
DA:7,0
DA:9,0
DA:11,0
DA:13,0
DA:15,0
DA:17,0
DA:19,0
LF:7
LH:0
end_of_record
SF:lib/application/application.dart
DA:12,0
DA:13,0
DA:18,0
DA:20,0
DA:22,0
DA:25,0
DA:30,0
DA:33,0
DA:35,0
DA:36,0
DA:37,0
DA:38,0
DA:39,0
DA:42,0
DA:50,0
DA:52,0
DA:53,0
DA:54,0
DA:55,0
DA:57,0
DA:58,0
DA:59,0
DA:60,0
DA:61,0
LF:24
LH:0
end_of_record
SF:lib/application/bloc/app_event.dart
DA:5,0
DA:6,0
DA:13,0
DA:15,0
DA:16,0
DA:18,0
DA:19,0
LF:7
LH:0
end_of_record
SF:lib/application/bloc/app_state.dart
DA:6,0
DA:9,0
DA:10,0
LF:3
LH:0
end_of_record
SF:lib/application/bloc/app_bloc.dart
DA:14,0
DA:17,0
DA:18,0
DA:19,0
DA:23,0
DA:25,0
DA:26,0
DA:28,0
LF:8
LH:0
end_of_record
SF:lib/application/router.dart
DA:16,0
DA:17,0
DA:20,0
DA:25,0
DA:26,0
DA:29,0
DA:30,0
DA:31,0
DA:35,0
DA:38,0
DA:41,0
DA:42,0
DA:43,0
DA:49,0
DA:53,0
DA:54,0
DA:59,0
DA:61,0
DA:65,0
DA:73,0
DA:75,0
DA:80,0
DA:82,0
DA:87,0
DA:92,0
DA:94,0
DA:98,0
DA:100,0
DA:103,0
DA:105,0
DA:111,0
DA:112,0
DA:115,0
LF:33
LH:0
end_of_record
SF:lib/application/simple_bloc_observer.dart
DA:6,0
DA:8,0
DA:9,0
DA:12,0
DA:14,0
DA:15,0
DA:18,0
DA:20,0
DA:21,0
LF:9
LH:0
end_of_record
SF:lib/application/style.dart
DA:7,0
DA:9,0
DA:11,0
DA:12,0
DA:13,0
DA:15,0
DA:16,0
DA:17,0
DA:18,0
DA:19,0
LF:10
LH:0
end_of_record
SF:lib/application/environment/development.dart
DA:11,0
LF:1
LH:0
end_of_record
SF:lib/application/environment/local.dart
DA:11,0
LF:1
LH:0
end_of_record
SF:lib/screens/home/ui/home_screen.dart
DA:13,0
DA:14,0
DA:19,0
DA:21,0
DA:23,0
DA:25,0
DA:26,0
DA:27,0
DA:28,0
LF:9
LH:0
end_of_record
SF:lib/screens/init/bloc/init_bloc.dart
DA:18,3
DA:21,1
DA:22,1
DA:23,2
DA:27,1
DA:28,3
DA:30,3
DA:31,2
DA:32,1
DA:33,4
LF:10
LH:10
end_of_record
SF:lib/screens/init/bloc/init_state.dart
DA:5,1
DA:6,1
DA:11,1
DA:18,1
DA:20,1
DA:21,2
DA:23,1
DA:24,2
DA:31,1
DA:33,1
DA:34,2
DA:36,1
DA:37,2
LF:13
LH:13
end_of_record
SF:lib/screens/init/bloc/init_event.dart
DA:5,0
DA:6,0
DA:10,0
LF:3
LH:0
end_of_record
SF:lib/screens/init/repository/init_repository_api.dart
DA:12,1
DA:13,1
DA:17,1
DA:18,4
DA:19,1
DA:22,2
DA:23,1
DA:26,3
LF:8
LH:8
end_of_record
SF:lib/screens/init/ui/init_screen.dart
DA:17,0
DA:18,0
DA:25,0
DA:27,0
DA:28,0
DA:29,0
DA:30,0
DA:33,0
DA:35,0
DA:36,0
DA:37,0
DA:38,0
DA:39,0
DA:40,0
DA:41,0
DA:42,0
DA:43,0
DA:46,0
DA:47,0
DA:48,0
LF:20
LH:0
end_of_record
SF:lib/screens/login/bloc/login_state.dart
DA:5,0
DA:6,0
DA:11,0
DA:19,0
DA:21,0
DA:22,0
DA:24,0
DA:25,0
DA:32,0
DA:34,0
DA:35,0
DA:37,0
DA:38,0
DA:46,0
DA:48,0
DA:49,0
DA:51,0
DA:52,0
DA:57,0
LF:19
LH:0
end_of_record
SF:lib/screens/login/bloc/login_event.dart
DA:5,0
DA:6,0
DA:11,0
DA:19,0
DA:21,0
DA:22,0
DA:24,0
DA:25,0
DA:33,0
DA:35,0
DA:36,0
DA:38,0
DA:39,0
DA:47,0
DA:49,0
DA:50,0
DA:52,0
DA:53,0
LF:18
LH:0
end_of_record
SF:lib/screens/login/bloc/login_bloc.dart
DA:18,0
DA:21,0
DA:22,0
DA:23,0
DA:24,0
DA:25,0
DA:26,0
DA:27,0
DA:28,0
DA:29,0
DA:33,0
DA:34,0
DA:37,0
DA:38,0
DA:41,0
DA:43,0
DA:44,0
DA:45,0
DA:47,0
DA:48,0
DA:52,0
DA:54,0
DA:55,0
DA:56,0
DA:57,0
DA:61,0
DA:63,0
DA:64,0
DA:65,0
DA:66,0
LF:30
LH:0
end_of_record
SF:lib/screens/login/repository/login_repository_api.dart
DA:15,0
DA:16,0
DA:17,0
DA:18,0
DA:22,0
DA:23,0
DA:27,0
DA:28,0
DA:31,0
DA:35,0
DA:36,0
DA:41,0
DA:42,0
DA:45,0
DA:46,0
DA:50,0
DA:51,0
DA:56,0
DA:57,0
DA:60,0
DA:61,0
LF:21
LH:0
end_of_record
SF:lib/screens/login/ui/login_screen.dart
DA:26,0
DA:27,0
DA:35,0
DA:37,0
DA:38,0
DA:39,0
DA:41,0
DA:42,0
DA:43,0
DA:45,0
DA:46,0
DA:48,0
DA:49,0
DA:51,0
DA:53,0
DA:54,0
DA:55,0
DA:60,0
DA:63,0
DA:65,0
DA:67,0
DA:68,0
DA:69,0
DA:71,0
DA:73,0
DA:74,0
DA:75,0
DA:76,0
DA:77,0
DA:78,0
DA:79,0
DA:80,0
DA:81,0
DA:82,0
DA:83,0
DA:84,0
DA:86,0
DA:87,0
DA:91,0
DA:92,0
DA:100,0
DA:103,0
DA:104,0
DA:106,0
DA:107,0
DA:108,0
DA:111,0
DA:117,0
DA:118,0
DA:119,0
DA:120,0
DA:124,0
DA:125,0
DA:126,0
DA:127,0
DA:131,0
DA:132,0
DA:133,0
DA:134,0
DA:137,0
DA:140,0
DA:141,0
DA:142,0
DA:144,0
DA:145,0
DA:146,0
DA:148,0
DA:149,0
DA:150,0
DA:157,0
DA:158,0
DA:159,0
DA:160,0
DA:163,0
DA:165,0
DA:166,0
DA:172,0
DA:173,0
DA:174,0
DA:176,0
DA:178,0
DA:179,0
DA:180,0
DA:181,0
DA:185,0
DA:194,0
DA:195,0
DA:197,0
DA:198,0
DA:199,0
DA:200,0
DA:201,0
DA:202,0
DA:204,0
DA:206,0
DA:208,0
DA:211,0
DA:218,0
DA:219,0
DA:220,0
DA:221,0
DA:222,0
DA:223,0
DA:227,0
DA:228,0
DA:229,0
DA:230,0
DA:234,0
DA:235,0
DA:236,0
DA:237,0
LF:111
LH:0
end_of_record
SF:lib/screens/text_content/text_content_screen.dart
DA:12,0
DA:14,0
DA:15,0
DA:20,0
DA:22,0
DA:25,0
DA:28,0
DA:30,0
DA:32,0
DA:35,0
DA:36,0
DA:37,0
DA:38,0
DA:39,0
DA:40,0
DA:41,0
DA:42,0
DA:43,0
DA:52,0
DA:53,0
DA:54,0
LF:21
LH:0
end_of_record
SF:lib/common/widget/popup.dart
DA:9,0
DA:10,0
DA:13,0
DA:15,0
DA:16,0
DA:18,0
DA:22,0
DA:23,0
DA:24,0
DA:25,0
DA:26,0
DA:28,0
DA:34,0
DA:35,0
DA:36,0
DA:37,0
DA:38,0
DA:39,0
DA:45,0
DA:46,0
DA:47,0
DA:48,0
DA:49,0
DA:51,0
DA:58,0
DA:59,0
DA:60,0
DA:68,0
DA:69,0
DA:71,0
DA:73,0
DA:75,0
DA:76,0
DA:78,0
DA:79,0
DA:80,0
DA:81,0
DA:82,0
DA:85,0
DA:86,0
DA:87,0
DA:88,0
DA:89,0
DA:90,0
DA:92,0
DA:94,0
DA:95,0
LF:47
LH:0
end_of_record
SF:lib/common/widget/progress_indicator.dart
DA:8,0
DA:10,0
DA:13,0
DA:14,0
DA:15,0
DA:16,0
DA:17,0
DA:23,0
DA:28,0
DA:30,0
DA:31,0
DA:32,0
DA:33,0
DA:40,0
DA:45,0
DA:53,0
DA:55,0
DA:57,0
DA:59,0
DA:60,0
DA:61,0
DA:62,0
DA:63,0
DA:64,0
DA:65,0
DA:69,0
LF:26
LH:0
end_of_record
SF:lib/screens/init/model/app_config.dart
DA:9,1
DA:11,1
DA:12,2
DA:13,2
DA:14,2
DA:17,1
DA:18,1
DA:19,1
DA:20,1
DA:21,1
DA:23,2
DA:24,8
LF:12
LH:12
end_of_record
SF:lib/screens/login/model/user_email_model.dart
DA:8,0
DA:10,0
DA:11,0
DA:12,0
DA:15,0
DA:16,0
DA:17,0
DA:18,0
DA:20,0
DA:21,0
LF:10
LH:0
end_of_record
SF:lib/tools/tools.dart
DA:8,0
DA:9,0
DA:12,0
DA:13,0
LF:4
LH:0
end_of_record
SF:lib/tools/widget/any_image.dart
DA:22,0
DA:23,0
DA:24,0
DA:25,0
DA:29,0
DA:30,0
DA:35,0
DA:42,0
DA:44,0
DA:45,0
DA:48,0
DA:49,0
DA:50,0
DA:51,0
DA:52,0
DA:55,0
DA:57,0
DA:58,0
DA:59,0
DA:60,0
DA:64,0
DA:73,0
DA:74,0
DA:75,0
DA:78,0
DA:79,0
DA:80,0
DA:84,0
DA:86,0
DA:87,0
DA:88,0
DA:89,0
DA:90,0
DA:91,0
DA:94,0
DA:95,0
DA:96,0
DA:97,0
DA:105,0
DA:106,0
DA:109,0
DA:111,0
DA:112,0
DA:113,0
DA:114,0
DA:115,0
DA:116,0
DA:117,0
DA:131,0
DA:134,0
DA:136,0
DA:138,0
DA:140,0
DA:142,0
DA:146,0
DA:147,0
DA:148,0
DA:149,0
DA:150,0
DA:151,0
DA:152,0
DA:155,0
DA:157,0
DA:160,0
DA:161,0
DA:164,0
DA:165,0
DA:167,0
DA:177,0
DA:178,0
DA:179,0
DA:182,0
DA:184,0
DA:186,0
DA:187,0
DA:188,0
DA:189,0
DA:190,0
DA:193,0
DA:194,0
DA:195,0
DA:196,0
DA:203,0
DA:204,0
DA:208,0
DA:210,0
DA:211,0
DA:213,0
LF:88
LH:0
end_of_record
SF:lib/tools/widget/btn.dart
DA:27,0
DA:48,0
DA:51,0
DA:52,0
DA:55,0
DA:56,0
DA:57,0
DA:58,0
DA:60,0
DA:63,0
DA:64,0
DA:65,0
DA:67,0
DA:68,0
DA:69,0
DA:71,0
DA:74,0
DA:75,0
DA:76,0
DA:77,0
DA:80,0
DA:81,0
DA:87,0
DA:88,0
DA:89,0
DA:92,0
DA:93,0
DA:94,0
DA:98,0
DA:100,0
DA:108,0
DA:109,0
DA:111,0
DA:112,0
DA:113,0
DA:114,0
DA:115,0
DA:116,0
DA:117,0
DA:119,0
DA:122,0
DA:124,0
DA:125,0
DA:128,0
DA:129,0
DA:131,0
DA:132,0
DA:135,0
DA:139,0
DA:142,0
DA:144,0
DA:145,0
DA:151,0
DA:152,0
DA:154,0
DA:155,0
DA:156,0
DA:157,0
DA:158,0
DA:159,0
DA:160,0
DA:161,0
DA:162,0
DA:163,0
DA:164,0
DA:166,0
DA:167,0
DA:170,0
DA:172,0
DA:200,0
DA:202,0
DA:203,0
DA:204,0
DA:205,0
DA:206,0
DA:207,0
DA:208,0
DA:209,0
DA:210,0
DA:211,0
DA:212,0
DA:215,0
DA:216,0
DA:217,0
DA:220,0
DA:221,0
DA:222,0
DA:230,0
DA:232,0
DA:233,0
DA:234,0
DA:235,0
DA:236,0
DA:237,0
DA:238,0
DA:243,0
LF:96
LH:0
end_of_record
SF:lib/tools/widget/font_awesome.dart
DA:4,0
DA:5,0
DA:12,0
DA:13,0
DA:20,0
DA:21,0
DA:1469,0
DA:2910,0
DA:5858,0
DA:5943,0
DA:5945,0
LF:11
LH:0
end_of_record
SF:lib/tools/widget/screen_state.dart
DA:9,0
DA:11,0
DA:14,0
DA:16,0
DA:18,0
DA:19,0
DA:20,0
DA:30,0
DA:33,0
DA:34,0
DA:35,0
DA:41,0
DA:42,0
DA:43,0
DA:44,0
DA:45,0
DA:47,0
DA:48,0
DA:49,0
DA:54,0
DA:65,0
DA:66,0
DA:67,0
DA:71,0
DA:72,0
DA:73,0
DA:76,0
DA:77,0
DA:78,0
DA:79,0
DA:81,0
DA:84,0
DA:85,0
LF:33
LH:0
end_of_record
SF:lib/tools/widget/text_entry/text_entry.dart
DA:17,0
DA:37,0
DA:39,0
DA:43,0
DA:44,0
DA:46,0
DA:47,0
DA:49,0
DA:50,0
DA:52,0
DA:56,0
DA:57,0
DA:60,0
DA:61,0
DA:62,0
DA:66,0
DA:67,0
DA:69,0
DA:70,0
DA:71,0
DA:74,0
DA:77,0
DA:79,0
DA:80,0
DA:82,0
DA:83,0
DA:84,0
DA:87,0
DA:88,0
DA:95,0
DA:99,0
DA:102,0
DA:103,0
DA:107,0
DA:108,0
DA:111,0
DA:127,0
DA:129,0
DA:130,0
DA:131,0
DA:132,0
DA:138,0
DA:139,0
DA:140,0
DA:141,0
DA:142,0
DA:145,0
DA:146,0
DA:149,0
DA:152,0
DA:153,0
DA:154,0
DA:166,0
DA:168,0
DA:169,0
DA:172,0
DA:173,0
LF:57
LH:0
end_of_record
SF:lib/tools/widget/text_entry/validator_email.dart
DA:8,0
LF:1
LH:0
end_of_record
SF:lib/tools/widget/text_entry/validator_empty.dart
DA:5,0
DA:8,0
DA:9,0
DA:11,0
DA:14,0
DA:15,0
DA:17,0
LF:7
LH:0
end_of_record
SF:lib/tools/widget/txt.dart
DA:17,0
DA:19,0
DA:20,0
DA:23,0
DA:26,0
DA:27,0
DA:29,0
DA:30,0
DA:33,0
DA:34,0
DA:36,0
DA:37,0
DA:38,0
DA:39,0
DA:43,0
DA:44,0
DA:45,0
DA:46,0
DA:50,0
DA:52,0
DA:54,0
DA:55,0
DA:57,0
DA:59,0
DA:62,0
DA:64,0
DA:65,0
DA:66,0
DA:70,0
DA:73,0
DA:75,0
DA:79,0
DA:80,0
DA:81,0
DA:82,0
DA:89,0
DA:91,0
DA:92,0
DA:94,0
DA:95,0
DA:97,0
DA:98,0
DA:100,0
DA:101,0
DA:102,0
DA:103,0
DA:104,0
DA:106,0
DA:107,0
DA:109,0
DA:110,0
DA:113,0
LF:52
LH:0
end_of_record
SF:lib/tools/api/ignore_certificate_client.dart
DA:8,0
DA:10,0
LF:2
LH:0
end_of_record
SF:lib/tools/generator.dart
DA:16,0
DA:17,0
DA:18,0
DA:19,0
DA:25,0
DA:26,0
DA:27,0
DA:31,0
DA:32,0
DA:35,0
DA:36,0
DA:37,0
DA:38,0
DA:40,0
DA:42,0
DA:46,0
DA:47,0
DA:48,0
DA:49,0
DA:50,0
DA:51,0
DA:55,0
DA:56,0
DA:57,0
DA:58,0
LF:25
LH:0
end_of_record
SF:lib/tools/storage/storage_mobile.dart
DA:8,0
DA:10,0
DA:11,0
DA:14,0
DA:15,0
DA:18,0
DA:19,0
DA:22,0
DA:23,0
DA:28,0
DA:29,0
DA:30,0
DA:34,0
LF:13
LH:0
end_of_record
SF:lib/tools/widget/cached_network_image/cached_network_image.dart
DA:18,0
DA:20,0
LF:2
LH:0
end_of_record
SF:lib/tools/widget/cached_network_image/cached_network_image_mobile.dart
DA:12,0
DA:13,0
DA:14,0
DA:15,0
DA:16,0
DA:17,0
DA:20,0
DA:23,0
DA:25,0
DA:27,0
DA:29,0
DA:31,0
DA:34,0
DA:35,0
DA:36,0
DA:37,0
DA:39,0
DA:45,0
DA:52,0
DA:53,0
DA:54,0
DA:70,0
DA:72,0
DA:75,0
DA:78,0
DA:79,0
DA:80,0
DA:91,0
DA:92,0
DA:93,0
DA:95,0
DA:96,0
DA:98,0
DA:101,0
DA:102,0
DA:104,0
DA:106,0
DA:107,0
DA:108,0
DA:111,0
DA:114,0
DA:116,0
DA:117,0
DA:122,0
DA:123,0
DA:125,0
DA:126,0
LF:47
LH:0
end_of_record
SF:lib/tools/widget/text_entry/validator.dart
DA:2,3
DA:3,3
DA:9,0
DA:17,0
LF:4
LH:2
end_of_record
SF:lib/tools/widget/text_entry/validator_regex.dart
DA:8,0
DA:11,0
DA:12,0
DA:14,0
DA:17,0
DA:18,0
DA:21,0
DA:23,0
DA:24,0
DA:26,0
LF:10
LH:0
end_of_record
